Determining if the pthread_create exist failed with the following output:
Change Dir: /acct/cbabin/Documents/CSCE350/Project1/Program_1_350/build/CMakeFiles/CMakeTmp

Run Build Command:"/usr/bin/make" "cmTC_65c77/fast"
/usr/bin/make -f CMakeFiles/cmTC_65c77.dir/build.make CMakeFiles/cmTC_65c77.dir/build
make[1]: Entering directory '/acct/cbabin/Documents/CSCE350/Project1/Program_1_350/build/CMakeFiles/CMakeTmp'
Building C object CMakeFiles/cmTC_65c77.dir/CheckSymbolExists.c.o
/usr/bin/cc     -o CMakeFiles/cmTC_65c77.dir/CheckSymbolExists.c.o   -c /acct/cbabin/Documents/CSCE350/Project1/Program_1_350/build/CMakeFiles/CMakeTmp/CheckSymbolExists.c
Linking C executable cmTC_65c77
/usr/bin/cmake -E cmake_link_script CMakeFiles/cmTC_65c77.dir/link.txt --verbose=1
/usr/bin/cc       CMakeFiles/cmTC_65c77.dir/CheckSymbolExists.c.o  -o cmTC_65c77 -rdynamic 
CMakeFiles/cmTC_65c77.dir/CheckSymbolExists.c.o: In function `main':
CheckSymbolExists.c:(.text+0x16): undefined reference to `pthread_create'
collect2: error: ld returned 1 exit status
CMakeFiles/cmTC_65c77.dir/build.make:97: recipe for target 'cmTC_65c77' failed
make[1]: *** [cmTC_65c77] Error 1
make[1]: Leaving directory '/acct/cbabin/Documents/CSCE350/Project1/Program_1_350/build/CMakeFiles/CMakeTmp'
Makefile:126: recipe for target 'cmTC_65c77/fast' failed
make: *** [cmTC_65c77/fast] Error 2

File /acct/cbabin/Documents/CSCE350/Project1/Program_1_350/build/CMakeFiles/CMakeTmp/CheckSymbolExists.c:
/* */
#include <pthread.h>

int main(int argc, char** argv)
{
  (void)argv;
#ifndef pthread_create
  return ((int*)(&pthread_create))[argc];
#else
  (void)argc;
  return 0;
#endif
}

Determining if the function pthread_create exists in the pthreads failed with the following output:
Change Dir: /acct/cbabin/Documents/CSCE350/Project1/Program_1_350/build/CMakeFiles/CMakeTmp

Run Build Command:"/usr/bin/make" "cmTC_ca407/fast"
/usr/bin/make -f CMakeFiles/cmTC_ca407.dir/build.make CMakeFiles/cmTC_ca407.dir/build
make[1]: Entering directory '/acct/cbabin/Documents/CSCE350/Project1/Program_1_350/build/CMakeFiles/CMakeTmp'
Building C object CMakeFiles/cmTC_ca407.dir/CheckFunctionExists.c.o
/usr/bin/cc    -DCHECK_FUNCTION_EXISTS=pthread_create   -o CMakeFiles/cmTC_ca407.dir/CheckFunctionExists.c.o   -c /usr/share/cmake-3.5/Modules/CheckFunctionExists.c
Linking C executable cmTC_ca407
/usr/bin/cmake -E cmake_link_script CMakeFiles/cmTC_ca407.dir/link.txt --verbose=1
/usr/bin/cc   -DCHECK_FUNCTION_EXISTS=pthread_create    CMakeFiles/cmTC_ca407.dir/CheckFunctionExists.c.o  -o cmTC_ca407 -rdynamic -lpthreads 
/usr/bin/ld: cannot find -lpthreads
collect2: error: ld returned 1 exit status
CMakeFiles/cmTC_ca407.dir/build.make:97: recipe for target 'cmTC_ca407' failed
make[1]: *** [cmTC_ca407] Error 1
make[1]: Leaving directory '/acct/cbabin/Documents/CSCE350/Project1/Program_1_350/build/CMakeFiles/CMakeTmp'
Makefile:126: recipe for target 'cmTC_ca407/fast' failed
make: *** [cmTC_ca407/fast] Error 2


